# JRE version: Java(TM) SE Runtime Environment (8.0_251-b08) (build 1.8.0_251-b08)
# Java VM: Java HotSpot(TM) 64-Bit Server VM (25.251-b08 mixed mode windows-amd64 compressed oops)
Heap:
 PSYoungGen      total 152576K, used 13180K [0x000000076b500000, 0x0000000775c00000, 0x00000007c0000000)
  eden space 139776K, 9% used [0x000000076b500000,0x000000076c1df3f8,0x0000000773d80000)
  from space 12800K, 0% used [0x0000000774b00000,0x0000000774b00000,0x0000000775780000)
  to   space 13824K, 0% used [0x0000000773d80000,0x0000000773d80000,0x0000000774b00000)
 ParOldGen       total 110592K, used 14192K [0x00000006c1e00000, 0x00000006c8a00000, 0x000000076b500000)
  object space 110592K, 12% used [0x00000006c1e00000,0x00000006c2bdc260,0x00000006c8a00000)
 Metaspace       used 34159K, capacity 36340K, committed 36568K, reserved 1081344K
  class space    used 4470K, capacity 4842K, committed 4864K, reserved 1048576K
GC Heap History (10 events):
Event: 4.363 GC heap before
{Heap before GC invocations=6 (full 1):
 PSYoungGen      total 76288K, used 67858K [0x000000076b500000, 0x0000000772300000, 0x00000007c0000000)
  eden space 65536K, 100% used [0x000000076b500000,0x000000076f500000,0x000000076f500000)
  from space 10752K, 21% used [0x000000076ff80000,0x00000007701c48e8,0x0000000770a00000)
  to   space 10752K, 0% used [0x000000076f500000,0x000000076f500000,0x000000076ff80000)
 ParOldGen       total 110592K, used 6408K [0x00000006c1e00000, 0x00000006c8a00000, 0x000000076b500000)
  object space 110592K, 5% used [0x00000006c1e00000,0x00000006c24423e0,0x00000006c8a00000)
 Metaspace       used 24036K, capacity 25084K, committed 25344K, reserved 1071104K
  class space    used 3026K, capacity 3244K, committed 3328K, reserved 1048576K
Event: 4.368 GC heap after
Heap after GC invocations=6 (full 1):
 PSYoungGen      total 76288K, used 5159K [0x000000076b500000, 0x0000000772400000, 0x00000007c0000000)
  eden space 65536K, 0% used [0x000000076b500000,0x000000076b500000,0x000000076f500000)
  from space 10752K, 47% used [0x000000076f500000,0x000000076fa09ef8,0x000000076ff80000)
  to   space 10752K, 0% used [0x0000000771980000,0x0000000771980000,0x0000000772400000)
 ParOldGen       total 110592K, used 6416K [0x00000006c1e00000, 0x00000006c8a00000, 0x000000076b500000)
  object space 110592K, 5% used [0x00000006c1e00000,0x00000006c24443e0,0x00000006c8a00000)
 Metaspace       used 24036K, capacity 25084K, committed 25344K, reserved 1071104K
  class space    used 3026K, capacity 3244K, committed 3328K, reserved 1048576K
}
Event: 5.206 GC heap before
{Heap before GC invocations=7 (full 1):
 PSYoungGen      total 76288K, used 70695K [0x000000076b500000, 0x0000000772400000, 0x00000007c0000000)
  eden space 65536K, 100% used [0x000000076b500000,0x000000076f500000,0x000000076f500000)
  from space 10752K, 47% used [0x000000076f500000,0x000000076fa09ef8,0x000000076ff80000)
  to   space 10752K, 0% used [0x0000000771980000,0x0000000771980000,0x0000000772400000)
 ParOldGen       total 110592K, used 6416K [0x00000006c1e00000, 0x00000006c8a00000, 0x000000076b500000)
  object space 110592K, 5% used [0x00000006c1e00000,0x00000006c24443e0,0x00000006c8a00000)
 Metaspace       used 26621K, capacity 28242K, committed 28288K, reserved 1073152K
  class space    used 3389K, capacity 3695K, committed 3712K, reserved 1048576K
Event: 5.220 GC heap after
Heap after GC invocations=7 (full 1):
 PSYoungGen      total 102912K, used 6874K [0x000000076b500000, 0x0000000772780000, 0x00000007c0000000)
  eden space 92160K, 0% used [0x000000076b500000,0x000000076b500000,0x0000000770f00000)
  from space 10752K, 63% used [0x0000000771980000,0x0000000772036a68,0x0000000772400000)
  to   space 10752K, 0% used [0x0000000770f00000,0x0000000770f00000,0x0000000771980000)
 ParOldGen       total 110592K, used 6416K [0x00000006c1e00000, 0x00000006c8a00000, 0x000000076b500000)
  object space 110592K, 5% used [0x00000006c1e00000,0x00000006c24443e0,0x00000006c8a00000)
 Metaspace       used 26621K, capacity 28242K, committed 28288K, reserved 1073152K
  class space    used 3389K, capacity 3695K, committed 3712K, reserved 1048576K
}
Event: 5.973 GC heap before
{Heap before GC invocations=8 (full 1):
 PSYoungGen      total 102912K, used 99034K [0x000000076b500000, 0x0000000772780000, 0x00000007c0000000)
  eden space 92160K, 100% used [0x000000076b500000,0x0000000770f00000,0x0000000770f00000)
  from space 10752K, 63% used [0x0000000771980000,0x0000000772036a68,0x0000000772400000)
  to   space 10752K, 0% used [0x0000000770f00000,0x0000000770f00000,0x0000000771980000)
 ParOldGen       total 110592K, used 6416K [0x00000006c1e00000, 0x00000006c8a00000, 0x000000076b500000)
  object space 110592K, 5% used [0x00000006c1e00000,0x00000006c24443e0,0x00000006c8a00000)
 Metaspace       used 29140K, capacity 31054K, committed 31232K, reserved 1077248K
  class space    used 3729K, capacity 4063K, committed 4096K, reserved 1048576K
Event: 5.990 GC heap after
Heap after GC invocations=8 (full 1):
 PSYoungGen      total 102912K, used 10731K [0x000000076b500000, 0x0000000775780000, 0x00000007c0000000)
  eden space 92160K, 0% used [0x000000076b500000,0x000000076b500000,0x0000000770f00000)
  from space 10752K, 99% used [0x0000000770f00000,0x000000077197ac80,0x0000000771980000)
  to   space 12800K, 0% used [0x0000000774b00000,0x0000000774b00000,0x0000000775780000)
 ParOldGen       total 110592K, used 7087K [0x00000006c1e00000, 0x00000006c8a00000, 0x000000076b500000)
  object space 110592K, 6% used [0x00000006c1e00000,0x00000006c24ebea8,0x00000006c8a00000)
 Metaspace       used 29140K, capacity 31054K, committed 31232K, reserved 1077248K
  class space    used 3729K, capacity 4063K, committed 4096K, reserved 1048576K
}
Event: 6.628 GC heap before
{Heap before GC invocations=9 (full 1):
 PSYoungGen      total 102912K, used 67514K [0x000000076b500000, 0x0000000775780000, 0x00000007c0000000)
  eden space 92160K, 61% used [0x000000076b500000,0x000000076ec73db8,0x0000000770f00000)
  from space 10752K, 99% used [0x0000000770f00000,0x000000077197ac80,0x0000000771980000)
  to   space 12800K, 0% used [0x0000000774b00000,0x0000000774b00000,0x0000000775780000)
 ParOldGen       total 110592K, used 7087K [0x00000006c1e00000, 0x00000006c8a00000, 0x000000076b500000)
  object space 110592K, 6% used [0x00000006c1e00000,0x00000006c24ebea8,0x00000006c8a00000)
 Metaspace       used 33173K, capacity 35290K, committed 35416K, reserved 1079296K
  class space    used 4370K, capacity 4731K, committed 4736K, reserved 1048576K
Event: 6.641 GC heap after
Heap after GC invocations=9 (full 1):
 PSYoungGen      total 152576K, used 10818K [0x000000076b500000, 0x0000000775c00000, 0x00000007c0000000)
  eden space 139776K, 0% used [0x000000076b500000,0x000000076b500000,0x0000000773d80000)
  from space 12800K, 84% used [0x0000000774b00000,0x0000000775590990,0x0000000775780000)
  to   space 13824K, 0% used [0x0000000773d80000,0x0000000773d80000,0x0000000774b00000)
 ParOldGen       total 110592K, used 7095K [0x00000006c1e00000, 0x00000006c8a00000, 0x000000076b500000)
  object space 110592K, 6% used [0x00000006c1e00000,0x00000006c24edea8,0x00000006c8a00000)
 Metaspace       used 33173K, capacity 35290K, committed 35416K, reserved 1079296K
  class space    used 4370K, capacity 4731K, committed 4736K, reserved 1048576K
}
Event: 6.641 GC heap before
{Heap before GC invocations=10 (full 2):
 PSYoungGen      total 152576K, used 10818K [0x000000076b500000, 0x0000000775c00000, 0x00000007c0000000)
  eden space 139776K, 0% used [0x000000076b500000,0x000000076b500000,0x0000000773d80000)
  from space 12800K, 84% used [0x0000000774b00000,0x0000000775590990,0x0000000775780000)
  to   space 13824K, 0% used [0x0000000773d80000,0x0000000773d80000,0x0000000774b00000)
 ParOldGen       total 110592K, used 7095K [0x00000006c1e00000, 0x00000006c8a00000, 0x000000076b500000)
  object space 110592K, 6% used [0x00000006c1e00000,0x00000006c24edea8,0x00000006c8a00000)
 Metaspace       used 33173K, capacity 35290K, committed 35416K, reserved 1079296K
  class space    used 4370K, capacity 4731K, committed 4736K, reserved 1048576K
Event: 6.743 GC heap after
Heap after GC invocations=10 (full 2):
 PSYoungGen      total 152576K, used 0K [0x000000076b500000, 0x0000000775c00000, 0x00000007c0000000)
  eden space 139776K, 0% used [0x000000076b500000,0x000000076b500000,0x0000000773d80000)
  from space 12800K, 0% used [0x0000000774b00000,0x0000000774b00000,0x0000000775780000)
  to   space 13824K, 0% used [0x0000000773d80000,0x0000000773d80000,0x0000000774b00000)
 ParOldGen       total 110592K, used 14192K [0x00000006c1e00000, 0x00000006c8a00000, 0x000000076b500000)
  object space 110592K, 12% used [0x00000006c1e00000,0x00000006c2bdc260,0x00000006c8a00000)
 Metaspace       used 33173K, capacity 35290K, committed 35416K, reserved 1079296K
  class space    used 4370K, capacity 4731K, committed 4736K, reserved 1048576K
}

